[18.07.2025 23:04:46] [ERROR] movie with id 3 not found
[18.07.2025 23:04:49] [ERROR] movie with id 234 not found
[18.07.2025 23:04:51] [ERROR] movie with id 23 not found
[18.07.2025 23:04:52] [ERROR] movie with id 1 not found
[18.07.2025 23:04:54] [ERROR] movie with id 2 not found
[18.07.2025 23:04:56] [ERROR] movie with id 3 not found
[18.07.2025 23:04:59] [ERROR] –Ω–µ —É–¥–∞–ª–æ—Å—å –≤—ã–ø–æ–ª–Ω–∏—Ç—å –æ–ø–µ—Ä–∞—Ü–∏—é —Å –±–∞–∑–æ–π –¥–∞–Ω–Ω—ã—Ö
[18.07.2025 23:19:39] [ERROR] Get "https://image.tmdb.org/t/p/w500/1g0dhYtq4irTY1GPXvft6k4YLjm.jpg?api_key=ecfe8540ac63325e0c50686c0be8848d": Proxy Authentication Required
[18.07.2025 23:20:12] [ERROR] –Ω–µ —É–¥–∞–ª–æ—Å—å –≤—ã–ø–æ–ª–Ω–∏—Ç—å –æ–ø–µ—Ä–∞—Ü–∏—é —Å –±–∞–∑–æ–π –¥–∞–Ω–Ω—ã—Ö
[18.07.2025 23:22:16] [ERROR] –Ω–µ —É–¥–∞–ª–æ—Å—å –≤—ã–ø–æ–ª–Ω–∏—Ç—å –æ–ø–µ—Ä–∞—Ü–∏—é —Å –±–∞–∑–æ–π –¥–∞–Ω–Ω—ã—Ö
[18.07.2025 23:51:18] [ERROR] favourite.FavouriteAddPayload.MovieId: readUint64: unexpected character: ˇ, error found in #10 byte of ...|vie_id": ,
  "movie_|..., bigger context ...|{"movie_id": ,
  "movie_poster": ""}|...
[18.07.2025 23:52:20] [ERROR] not all fields are filled in
[18.07.2025 23:52:24] [ERROR] favourite.FavouriteAddPayload.MovieId: readUint64: unexpected character: ˇ, error found in #10 byte of ...|vie_id": ,
  "movie_|..., bigger context ...|{"movie_id": ,
  "movie_poster": ""}|...
[18.07.2025 23:53:46] [ERROR] the movie is already in favorites
[18.07.2025 23:53:47] [ERROR] the movie is already in favorites
[18.07.2025 23:53:47] [ERROR] the movie is already in favorites
[18.07.2025 23:53:48] [ERROR] the movie is already in favorites
[18.07.2025 23:54:03] [ERROR] –Ω–µ —É–¥–∞–ª–æ—Å—å –≤—ã–ø–æ–ª–Ω–∏—Ç—å –æ–ø–µ—Ä–∞—Ü–∏—é —Å –±–∞–∑–æ–π –¥–∞–Ω–Ω—ã—Ö
