0 verbose cli /usr/local/share/nvm/versions/node/v20.18.1/bin/node /home/codespace/nvm/current/bin/npm
1 info using npm@10.8.2
2 info using node@v20.18.1
3 silly config load:file:/usr/local/share/nvm/versions/node/v20.18.1/lib/node_modules/npm/npmrc
4 silly config load:file:/workspaces/flicksfi/script/C:\Users\Artemiik\Documents\git\flicksfi/.npmrc
5 silly config load:file:/usr/local/share/nvm/versions/node/v20.18.1/etc/npmrc
6 verbose title npm install pnpm
7 verbose argv "install" "--global" "pnpm"
8 verbose logfile logs-max:10 dir:/workspaces/flicksfi/script/C:\Users\Artemiik\Documents\git\flicksfi/.npm/_logs/2025-03-06T11_27_07_516Z-
9 verbose logfile /workspaces/flicksfi/script/C:\Users\Artemiik\Documents\git\flicksfi/.npm/_logs/2025-03-06T11_27_07_516Z-debug-0.log
10 silly packumentCache heap:2197815296 maxSize:549453824 maxEntrySize:274726912
11 silly logfile done cleaning log files
12 silly idealTree buildDeps
13 silly fetch manifest pnpm@*
14 silly packumentCache full:https://registry.npmjs.org/pnpm cache-miss
15 http fetch GET 200 https://registry.npmjs.org/pnpm 144ms (cache miss)
16 silly packumentCache full:https://registry.npmjs.org/pnpm set size:undefined disposed:false
17 silly placeDep ROOT pnpm@10.5.2 OK for:  want: *
18 silly reify mark retired [
18 silly reify   '/usr/local/share/nvm/versions/node/v20.18.1/lib/node_modules/pnpm',
18 silly reify   '/usr/local/share/nvm/versions/node/v20.18.1/bin/pnpm',
18 silly reify   '/usr/local/share/nvm/versions/node/v20.18.1/bin/pnpx'
18 silly reify ]
19 silly reify moves {
19 silly reify   '/usr/local/share/nvm/versions/node/v20.18.1/lib/node_modules/pnpm': '/usr/local/share/nvm/versions/node/v20.18.1/lib/node_modules/.pnpm-LA5hafGQ',
19 silly reify   '/usr/local/share/nvm/versions/node/v20.18.1/bin/pnpm': '/usr/local/share/nvm/versions/node/v20.18.1/bin/.pnpm-1JHNisgy',
19 silly reify   '/usr/local/share/nvm/versions/node/v20.18.1/bin/pnpx': '/usr/local/share/nvm/versions/node/v20.18.1/bin/.pnpx-6QpxN7AN'
19 silly reify }
20 silly tarball no local data for pnpm@https://registry.npmjs.org/pnpm/-/pnpm-10.5.2.tgz. Extracting by manifest.
21 http fetch GET 200 https://registry.npmjs.org/pnpm/-/pnpm-10.5.2.tgz 565ms (cache miss)
22 silly CHANGE node_modules/pnpm
23 verbose cwd /workspaces/flicksfi/script
24 verbose os Linux 6.5.0-1025-azure
25 verbose node v20.18.1
26 verbose npm  v10.8.2
27 verbose exit 0
28 info ok
