0 verbose cli /usr/local/share/nvm/versions/node/v20.18.1/bin/node /home/codespace/nvm/current/bin/npm
1 info using npm@10.8.2
2 info using node@v20.18.1
3 silly config load:file:/usr/local/share/nvm/versions/node/v20.18.1/lib/node_modules/npm/npmrc
4 silly config load:file:/workspaces/flicksfi/script/C:\Users\Artemiik\Documents\git\flicksfi/.npmrc
5 silly config load:file:/usr/local/share/nvm/versions/node/v20.18.1/etc/npmrc
6 verbose title npm install expo-cli
7 verbose argv "install" "--global" "expo-cli"
8 verbose logfile logs-max:10 dir:/workspaces/flicksfi/script/C:\Users\Artemiik\Documents\git\flicksfi/.npm/_logs/2025-03-06T11_32_15_883Z-
9 verbose logfile /workspaces/flicksfi/script/C:\Users\Artemiik\Documents\git\flicksfi/.npm/_logs/2025-03-06T11_32_15_883Z-debug-0.log
10 silly packumentCache heap:2197815296 maxSize:549453824 maxEntrySize:274726912
11 silly logfile done cleaning log files
12 silly idealTree buildDeps
13 silly fetch manifest expo-cli@*
14 silly packumentCache full:https://registry.npmjs.org/expo-cli cache-miss
15 http fetch GET 200 https://registry.npmjs.org/expo-cli 144ms (cache updated)
16 silly packumentCache full:https://registry.npmjs.org/expo-cli set size:undefined disposed:false
17 silly placeDep ROOT expo-cli@6.3.12 OK for:  want: *
18 silly fetch manifest got@^11.1.4
19 silly packumentCache full:https://registry.npmjs.org/got cache-miss
20 http fetch GET 200 https://registry.npmjs.org/got 50ms (cache updated)
21 silly packumentCache full:https://registry.npmjs.org/got set size:undefined disposed:false
22 silly fetch manifest joi@^17.4.0
23 silly packumentCache full:https://registry.npmjs.org/joi cache-miss
24 http fetch GET 200 https://registry.npmjs.org/joi 24ms (cache updated)
25 silly packumentCache full:https://registry.npmjs.org/joi set size:undefined disposed:false
26 silly fetch manifest ora@3.4.0
27 silly packumentCache full:https://registry.npmjs.org/ora cache-miss
28 http fetch GET 200 https://registry.npmjs.org/ora 23ms (cache updated)
29 silly packumentCache full:https://registry.npmjs.org/ora set size:undefined disposed:false
30 silly fetch manifest tar@^6.0.5
31 silly packumentCache full:https://registry.npmjs.org/tar cache-miss
32 http fetch GET 200 https://registry.npmjs.org/tar 24ms (cache updated)
33 silly packumentCache full:https://registry.npmjs.org/tar set size:undefined disposed:false
34 silly fetch manifest xdl@60.0.12
35 silly packumentCache full:https://registry.npmjs.org/xdl cache-miss
36 http fetch GET 200 https://registry.npmjs.org/xdl 74ms (cache updated)
37 silly packumentCache full:https://registry.npmjs.org/xdl set size:undefined disposed:false
38 silly fetch manifest glob@7.1.6
39 silly packumentCache full:https://registry.npmjs.org/glob cache-miss
40 http fetch GET 200 https://registry.npmjs.org/glob 28ms (cache updated)
41 silly packumentCache full:https://registry.npmjs.org/glob set size:undefined disposed:false
42 silly fetch manifest uuid@^8.0.0
43 silly packumentCache full:https://registry.npmjs.org/uuid cache-miss
44 http fetch GET 200 https://registry.npmjs.org/uuid 19ms (cache updated)
45 silly packumentCache full:https://registry.npmjs.org/uuid set size:undefined disposed:false
46 silly fetch manifest boxen@^5.0.1
47 silly packumentCache full:https://registry.npmjs.org/boxen cache-miss
48 http fetch GET 200 https://registry.npmjs.org/boxen 19ms (cache updated)
49 silly packumentCache full:https://registry.npmjs.org/boxen set size:undefined disposed:false
50 silly fetch manifest chalk@^4.0.0
51 silly packumentCache full:https://registry.npmjs.org/chalk cache-miss
52 http fetch GET 200 https://registry.npmjs.org/chalk 21ms (cache updated)
53 silly packumentCache full:https://registry.npmjs.org/chalk set size:undefined disposed:false
54 silly fetch manifest leven@^3.1.0
55 silly packumentCache full:https://registry.npmjs.org/leven cache-miss
56 http fetch GET 200 https://registry.npmjs.org/leven 23ms (cache updated)
57 silly packumentCache full:https://registry.npmjs.org/leven set size:undefined disposed:false
58 silly fetch manifest pngjs@3.4.0
59 silly packumentCache full:https://registry.npmjs.org/pngjs cache-miss
60 http fetch GET 200 https://registry.npmjs.org/pngjs 21ms (cache updated)
61 silly packumentCache full:https://registry.npmjs.org/pngjs set size:undefined disposed:false
62 silly fetch manifest tempy@^0.7.1
63 silly packumentCache full:https://registry.npmjs.org/tempy cache-miss
64 http fetch GET 200 https://registry.npmjs.org/tempy 19ms (cache updated)
65 silly packumentCache full:https://registry.npmjs.org/tempy set size:undefined disposed:false
66 silly fetch manifest getenv@^1.0.0
67 silly packumentCache full:https://registry.npmjs.org/getenv cache-miss
68 http fetch GET 200 https://registry.npmjs.org/getenv 35ms (cache updated)
69 silly packumentCache full:https://registry.npmjs.org/getenv set size:undefined disposed:false
70 silly fetch manifest lodash@^4.17.19
71 silly packumentCache full:https://registry.npmjs.org/lodash cache-miss
72 http fetch GET 200 https://registry.npmjs.org/lodash 21ms (cache updated)
73 silly packumentCache full:https://registry.npmjs.org/lodash set size:undefined disposed:false
74 silly fetch manifest semver@7.3.2
75 silly packumentCache full:https://registry.npmjs.org/semver cache-miss
76 http fetch GET 200 https://registry.npmjs.org/semver 36ms (cache updated)
77 silly packumentCache full:https://registry.npmjs.org/semver set size:undefined disposed:false
78 silly fetch manifest cacache@^15.3.0
79 silly packumentCache full:https://registry.npmjs.org/cacache cache-miss
80 http fetch GET 200 https://registry.npmjs.org/cacache 23ms (cache updated)
81 silly packumentCache full:https://registry.npmjs.org/cacache set size:undefined disposed:false
82 silly fetch manifest find-up@^5.0.0
83 silly packumentCache full:https://registry.npmjs.org/find-up cache-miss
84 http fetch GET 200 https://registry.npmjs.org/find-up 22ms (cache updated)
85 silly packumentCache full:https://registry.npmjs.org/find-up set size:undefined disposed:false
86 silly fetch manifest hashids@1.1.4
87 silly packumentCache full:https://registry.npmjs.org/hashids cache-miss
88 http fetch GET 200 https://registry.npmjs.org/hashids 46ms (cache updated)
89 silly packumentCache full:https://registry.npmjs.org/hashids set size:undefined disposed:false
90 silly fetch manifest js-yaml@^3.13.1
91 silly packumentCache full:https://registry.npmjs.org/js-yaml cache-miss
92 http fetch GET 200 https://registry.npmjs.org/js-yaml 22ms (cache updated)
93 silly packumentCache full:https://registry.npmjs.org/js-yaml set size:undefined disposed:false
94 silly fetch manifest prompts@^2.3.2
95 silly packumentCache full:https://registry.npmjs.org/prompts cache-miss
96 http fetch GET 200 https://registry.npmjs.org/prompts 21ms (cache updated)
97 silly packumentCache full:https://registry.npmjs.org/prompts set size:undefined disposed:false
98 silly fetch manifest slugify@^1.3.4
99 silly packumentCache full:https://registry.npmjs.org/slugify cache-miss
100 http fetch GET 200 https://registry.npmjs.org/slugify 58ms (cache updated)
101 silly packumentCache full:https://registry.npmjs.org/slugify set size:undefined disposed:false
102 silly fetch manifest fs-extra@9.0.0
103 silly packumentCache full:https://registry.npmjs.org/fs-extra cache-miss
104 http fetch GET 200 https://registry.npmjs.org/fs-extra 23ms (cache updated)
105 silly packumentCache full:https://registry.npmjs.org/fs-extra set size:undefined disposed:false
106 silly fetch manifest keychain@1.3.0
107 silly packumentCache full:https://registry.npmjs.org/keychain cache-miss
108 http fetch GET 200 https://registry.npmjs.org/keychain 19ms (cache updated)
109 silly packumentCache full:https://registry.npmjs.org/keychain set size:undefined disposed:false
110 silly fetch manifest minipass@3.1.6
111 silly packumentCache full:https://registry.npmjs.org/minipass cache-miss
112 http fetch GET 200 https://registry.npmjs.org/minipass 27ms (cache updated)
113 silly packumentCache full:https://registry.npmjs.org/minipass set size:undefined disposed:false
114 silly fetch manifest progress@2.0.3
115 silly packumentCache full:https://registry.npmjs.org/progress cache-miss
116 http fetch GET 200 https://registry.npmjs.org/progress 24ms (cache updated)
117 silly packumentCache full:https://registry.npmjs.org/progress set size:undefined disposed:false
118 silly fetch manifest turndown@~7.0.0
119 silly packumentCache full:https://registry.npmjs.org/turndown cache-miss
120 http fetch GET 200 https://registry.npmjs.org/turndown 19ms (cache updated)
121 silly packumentCache full:https://registry.npmjs.org/turndown set size:undefined disposed:false
122 silly fetch manifest url-join@4.0.0
123 silly packumentCache full:https://registry.npmjs.org/url-join cache-miss
124 http fetch GET 200 https://registry.npmjs.org/url-join 28ms (cache updated)
125 silly packumentCache full:https://registry.npmjs.org/url-join set size:undefined disposed:false
126 silly fetch manifest commander@2.17.1
127 silly packumentCache full:https://registry.npmjs.org/commander cache-miss
128 http fetch GET 200 https://registry.npmjs.org/commander 21ms (cache updated)
129 silly packumentCache full:https://registry.npmjs.org/commander set size:undefined disposed:false
130 silly fetch manifest untildify@3.0.3
131 silly packumentCache full:https://registry.npmjs.org/untildify cache-miss
132 http fetch GET 200 https://registry.npmjs.org/untildify 22ms (cache updated)
133 silly packumentCache full:https://registry.npmjs.org/untildify set size:undefined disposed:false
134 silly fetch manifest wrap-ansi@^7.0.0
135 silly packumentCache full:https://registry.npmjs.org/wrap-ansi cache-miss
136 http fetch GET 200 https://registry.npmjs.org/wrap-ansi 24ms (cache updated)
137 silly packumentCache full:https://registry.npmjs.org/wrap-ansi set size:undefined disposed:false
138 silly fetch manifest better-opn@^3.0.1
139 silly packumentCache full:https://registry.npmjs.org/better-opn cache-miss
140 http fetch GET 200 https://registry.npmjs.org/better-opn 22ms (cache updated)
141 silly packumentCache full:https://registry.npmjs.org/better-opn set size:undefined disposed:false
142 silly fetch manifest cli-table3@^0.6.0
143 silly packumentCache full:https://registry.npmjs.org/cli-table3 cache-miss
144 http fetch GET 200 https://registry.npmjs.org/cli-table3 19ms (cache updated)
145 silly packumentCache full:https://registry.npmjs.org/cli-table3 set size:undefined disposed:false
146 silly fetch manifest dateformat@3.0.3
147 silly packumentCache full:https://registry.npmjs.org/dateformat cache-miss
148 http fetch GET 200 https://registry.npmjs.org/dateformat 19ms (cache updated)
149 silly packumentCache full:https://registry.npmjs.org/dateformat set size:undefined disposed:false
150 silly fetch manifest env-editor@^0.4.1
151 silly packumentCache full:https://registry.npmjs.org/env-editor cache-miss
152 http fetch GET 200 https://registry.npmjs.org/env-editor 20ms (cache updated)
153 silly packumentCache full:https://registry.npmjs.org/env-editor set size:undefined disposed:false
154 silly fetch manifest strip-ansi@^6.0.0
155 silly packumentCache full:https://registry.npmjs.org/strip-ansi cache-miss
156 http fetch GET 200 https://registry.npmjs.org/strip-ansi 21ms (cache updated)
157 silly packumentCache full:https://registry.npmjs.org/strip-ansi set size:undefined disposed:false
158 silly fetch manifest @expo/plist@0.0.20
159 silly packumentCache full:https://registry.npmjs.org/@expo%2fplist cache-miss
160 http fetch GET 200 https://registry.npmjs.org/@expo%2fplist 91ms (cache updated)
161 silly packumentCache full:https://registry.npmjs.org/@expo%2fplist set size:undefined disposed:false
162 silly fetch manifest @expo/bunyan@4.0.0
163 silly packumentCache full:https://registry.npmjs.org/@expo%2fbunyan cache-miss
164 http fetch GET 200 https://registry.npmjs.org/@expo%2fbunyan 32ms (cache updated)
165 silly packumentCache full:https://registry.npmjs.org/@expo%2fbunyan set size:undefined disposed:false
166 silly fetch manifest @expo/config@6.0.24
167 silly packumentCache full:https://registry.npmjs.org/@expo%2fconfig cache-miss
168 http fetch GET 200 https://registry.npmjs.org/@expo%2fconfig 236ms (cache updated)
169 silly packumentCache full:https://registry.npmjs.org/@expo%2fconfig set size:undefined disposed:false
170 silly fetch manifest resolve-from@^5.0.0
171 silly packumentCache full:https://registry.npmjs.org/resolve-from cache-miss
172 http fetch GET 200 https://registry.npmjs.org/resolve-from 23ms (cache updated)
173 silly packumentCache full:https://registry.npmjs.org/resolve-from set size:undefined disposed:false
174 silly fetch manifest bplist-parser@0.2.0
175 silly packumentCache full:https://registry.npmjs.org/bplist-parser cache-miss
176 http fetch GET 200 https://registry.npmjs.org/bplist-parser 36ms (cache updated)
177 silly packumentCache full:https://registry.npmjs.org/bplist-parser set size:undefined disposed:false
178 silly fetch manifest terminal-link@^2.1.1
179 silly packumentCache full:https://registry.npmjs.org/terminal-link cache-miss
180 http fetch GET 200 https://registry.npmjs.org/terminal-link 21ms (cache updated)
181 silly packumentCache full:https://registry.npmjs.org/terminal-link set size:undefined disposed:false
182 silly fetch manifest @babel/runtime@7.9.0
183 silly packumentCache full:https://registry.npmjs.org/@babel%2fruntime cache-miss
184 http fetch GET 200 https://registry.npmjs.org/@babel%2fruntime 55ms (cache updated)
185 silly packumentCache full:https://registry.npmjs.org/@babel%2fruntime set size:undefined disposed:false
186 silly fetch manifest @expo/xcpretty@^4.1.0
187 silly packumentCache full:https://registry.npmjs.org/@expo%2fxcpretty cache-miss
188 http fetch GET 200 https://registry.npmjs.org/@expo%2fxcpretty 119ms (cache updated)
189 silly packumentCache full:https://registry.npmjs.org/@expo%2fxcpretty set size:undefined disposed:false
190 silly fetch manifest command-exists@^1.2.8
191 silly packumentCache full:https://registry.npmjs.org/command-exists cache-miss
192 http fetch GET 200 https://registry.npmjs.org/command-exists 536ms (cache updated)
193 silly packumentCache full:https://registry.npmjs.org/command-exists set size:undefined disposed:false
194 silly fetch manifest @expo/json-file@8.2.37
195 silly packumentCache full:https://registry.npmjs.org/@expo%2fjson-file cache-miss
196 http fetch GET 200 https://registry.npmjs.org/@expo%2fjson-file 75ms (cache updated)
197 silly packumentCache full:https://registry.npmjs.org/@expo%2fjson-file set size:undefined disposed:false
198 silly fetch manifest @expo/osascript@2.0.33
199 silly packumentCache full:https://registry.npmjs.org/@expo%2fosascript cache-miss
200 http fetch GET 200 https://registry.npmjs.org/@expo%2fosascript 32ms (cache updated)
201 silly packumentCache full:https://registry.npmjs.org/@expo%2fosascript set size:undefined disposed:false
202 silly fetch manifest npm-package-arg@6.1.0
203 silly packumentCache full:https://registry.npmjs.org/npm-package-arg cache-miss
204 http fetch GET 200 https://registry.npmjs.org/npm-package-arg 22ms (cache updated)
205 silly packumentCache full:https://registry.npmjs.org/npm-package-arg set size:undefined disposed:false
206 silly fetch manifest qrcode-terminal@0.11.0
207 silly packumentCache full:https://registry.npmjs.org/qrcode-terminal cache-miss
208 http fetch GET 200 https://registry.npmjs.org/qrcode-terminal 27ms (cache updated)
209 silly packumentCache full:https://registry.npmjs.org/qrcode-terminal set size:undefined disposed:false
210 silly fetch manifest read-last-lines@1.6.0
211 silly packumentCache full:https://registry.npmjs.org/read-last-lines cache-miss
212 http fetch GET 200 https://registry.npmjs.org/read-last-lines 49ms (cache updated)
213 silly packumentCache full:https://registry.npmjs.org/read-last-lines set size:undefined disposed:false
214 silly fetch manifest @expo/dev-server@0.2.0
215 silly packumentCache full:https://registry.npmjs.org/@expo%2fdev-server cache-miss
216 http fetch GET 200 https://registry.npmjs.org/@expo%2fdev-server 37ms (cache updated)
217 silly packumentCache full:https://registry.npmjs.org/@expo%2fdev-server set size:undefined disposed:false
218 silly fetch manifest @expo/apple-utils@1.0.0
219 silly packumentCache full:https://registry.npmjs.org/@expo%2fapple-utils cache-miss
220 http fetch GET 200 https://registry.npmjs.org/@expo%2fapple-utils 39ms (cache updated)
221 silly packumentCache full:https://registry.npmjs.org/@expo%2fapple-utils set size:undefined disposed:false
222 silly fetch manifest @expo/spawn-async@1.5.0
223 silly packumentCache full:https://registry.npmjs.org/@expo%2fspawn-async cache-miss
224 http fetch GET 200 https://registry.npmjs.org/@expo%2fspawn-async 568ms (cache updated)
225 silly packumentCache full:https://registry.npmjs.org/@expo%2fspawn-async set size:undefined disposed:false
226 silly fetch manifest @expo/config-plugins@4.1.5
227 silly packumentCache full:https://registry.npmjs.org/@expo%2fconfig-plugins cache-miss
228 http fetch GET 200 https://registry.npmjs.org/@expo%2fconfig-plugins 47ms (cache updated)
229 silly packumentCache full:https://registry.npmjs.org/@expo%2fconfig-plugins set size:undefined disposed:false
230 silly fetch manifest @expo/package-manager@0.0.56
231 silly packumentCache full:https://registry.npmjs.org/@expo%2fpackage-manager cache-miss
232 http fetch GET 200 https://registry.npmjs.org/@expo%2fpackage-manager 213ms (cache updated)
233 silly packumentCache full:https://registry.npmjs.org/@expo%2fpackage-manager set size:undefined disposed:false
234 silly fetch manifest @expo/prebuild-config@4.0.3
235 silly packumentCache full:https://registry.npmjs.org/@expo%2fprebuild-config cache-miss
236 http fetch GET 200 https://registry.npmjs.org/@expo%2fprebuild-config 162ms (cache updated)
237 silly packumentCache full:https://registry.npmjs.org/@expo%2fprebuild-config set size:undefined disposed:false
238 silly fetch manifest find-yarn-workspace-root@~2.0.0
239 silly packumentCache full:https://registry.npmjs.org/find-yarn-workspace-root cache-miss
240 http fetch GET 200 https://registry.npmjs.org/find-yarn-workspace-root 23ms (cache updated)
241 silly packumentCache full:https://registry.npmjs.org/find-yarn-workspace-root set size:undefined disposed:false
242 silly placeDep node_modules/expo-cli @babel/runtime@7.9.0 OK for: expo-cli@6.3.12 want: 7.9.0
243 silly placeDep node_modules/expo-cli @expo/apple-utils@1.0.0 OK for: expo-cli@6.3.12 want: 1.0.0
244 silly placeDep node_modules/expo-cli @expo/bunyan@4.0.0 OK for: expo-cli@6.3.12 want: 4.0.0
245 silly placeDep node_modules/expo-cli @expo/config@6.0.24 OK for: expo-cli@6.3.12 want: 6.0.24
246 silly placeDep node_modules/expo-cli @expo/config-plugins@4.1.5 OK for: expo-cli@6.3.12 want: 4.1.5
247 silly placeDep node_modules/expo-cli @expo/dev-server@0.2.0 OK for: expo-cli@6.3.12 want: 0.2.0
248 silly placeDep node_modules/expo-cli @expo/json-file@8.2.37 OK for: expo-cli@6.3.12 want: 8.2.37
249 silly placeDep node_modules/expo-cli @expo/osascript@2.0.33 OK for: expo-cli@6.3.12 want: 2.0.33
250 silly placeDep node_modules/expo-cli @expo/package-manager@0.0.56 OK for: expo-cli@6.3.12 want: 0.0.56
251 silly placeDep node_modules/expo-cli @expo/plist@0.0.20 OK for: expo-cli@6.3.12 want: 0.0.20
252 silly placeDep node_modules/expo-cli @expo/prebuild-config@4.0.3 OK for: expo-cli@6.3.12 want: 4.0.3
253 silly placeDep node_modules/expo-cli @expo/spawn-async@1.5.0 OK for: expo-cli@6.3.12 want: 1.5.0
254 silly placeDep node_modules/expo-cli @expo/xcpretty@4.3.2 OK for: expo-cli@6.3.12 want: ^4.1.0
255 silly placeDep node_modules/expo-cli better-opn@3.0.2 OK for: expo-cli@6.3.12 want: ^3.0.1
256 silly placeDep node_modules/expo-cli boxen@5.1.2 OK for: expo-cli@6.3.12 want: ^5.0.1
257 silly placeDep node_modules/expo-cli bplist-parser@0.2.0 OK for: expo-cli@6.3.12 want: 0.2.0
258 silly placeDep node_modules/expo-cli cacache@15.3.0 OK for: expo-cli@6.3.12 want: ^15.3.0
259 silly placeDep node_modules/expo-cli chalk@4.1.2 OK for: expo-cli@6.3.12 want: ^4.0.0
260 silly placeDep node_modules/expo-cli cli-table3@0.6.5 OK for: expo-cli@6.3.12 want: ^0.6.0
261 silly placeDep node_modules/expo-cli command-exists@1.2.9 OK for: expo-cli@6.3.12 want: ^1.2.8
262 silly placeDep node_modules/expo-cli commander@2.17.1 OK for: expo-cli@6.3.12 want: 2.17.1
263 silly placeDep node_modules/expo-cli dateformat@3.0.3 OK for: expo-cli@6.3.12 want: 3.0.3
264 silly placeDep node_modules/expo-cli env-editor@0.4.2 OK for: expo-cli@6.3.12 want: ^0.4.1
265 silly placeDep node_modules/expo-cli find-up@5.0.0 OK for: expo-cli@6.3.12 want: ^5.0.0
266 silly placeDep node_modules/expo-cli find-yarn-workspace-root@2.0.0 OK for: expo-cli@6.3.12 want: ~2.0.0
267 silly placeDep node_modules/expo-cli fs-extra@9.0.0 OK for: expo-cli@6.3.12 want: 9.0.0
268 silly placeDep node_modules/expo-cli getenv@1.0.0 OK for: expo-cli@6.3.12 want: ^1.0.0
269 silly placeDep node_modules/expo-cli glob@7.1.6 OK for: expo-cli@6.3.12 want: 7.1.6
270 silly placeDep node_modules/expo-cli got@11.8.6 OK for: expo-cli@6.3.12 want: ^11.1.4
271 silly placeDep node_modules/expo-cli hashids@1.1.4 OK for: expo-cli@6.3.12 want: 1.1.4
272 silly placeDep node_modules/expo-cli joi@17.13.3 OK for: expo-cli@6.3.12 want: ^17.4.0
273 silly placeDep node_modules/expo-cli js-yaml@3.14.1 OK for: expo-cli@6.3.12 want: ^3.13.1
274 silly placeDep node_modules/expo-cli keychain@1.3.0 OK for: expo-cli@6.3.12 want: 1.3.0
275 silly placeDep node_modules/expo-cli leven@3.1.0 OK for: expo-cli@6.3.12 want: ^3.1.0
276 silly placeDep node_modules/expo-cli lodash@4.17.21 OK for: expo-cli@6.3.12 want: ^4.17.19
277 silly placeDep node_modules/expo-cli minipass@3.1.6 OK for: expo-cli@6.3.12 want: 3.1.6
278 silly placeDep node_modules/expo-cli npm-package-arg@6.1.0 OK for: expo-cli@6.3.12 want: 6.1.0
279 silly placeDep node_modules/expo-cli ora@3.4.0 OK for: expo-cli@6.3.12 want: 3.4.0
280 silly placeDep node_modules/expo-cli pngjs@3.4.0 OK for: expo-cli@6.3.12 want: 3.4.0
281 silly placeDep node_modules/expo-cli progress@2.0.3 OK for: expo-cli@6.3.12 want: 2.0.3
282 silly placeDep node_modules/expo-cli prompts@2.4.2 OK for: expo-cli@6.3.12 want: ^2.3.2
283 silly placeDep node_modules/expo-cli qrcode-terminal@0.11.0 OK for: expo-cli@6.3.12 want: 0.11.0
284 silly placeDep node_modules/expo-cli read-last-lines@1.6.0 OK for: expo-cli@6.3.12 want: 1.6.0
285 silly placeDep node_modules/expo-cli resolve-from@5.0.0 OK for: expo-cli@6.3.12 want: ^5.0.0
286 silly placeDep node_modules/expo-cli semver@7.3.2 OK for: expo-cli@6.3.12 want: 7.3.2
287 silly placeDep node_modules/expo-cli slugify@1.6.6 OK for: expo-cli@6.3.12 want: ^1.3.4
288 silly placeDep node_modules/expo-cli strip-ansi@6.0.1 OK for: expo-cli@6.3.12 want: ^6.0.0
289 silly placeDep node_modules/expo-cli tar@6.2.1 OK for: expo-cli@6.3.12 want: ^6.0.5
290 silly placeDep node_modules/expo-cli tempy@0.7.1 OK for: expo-cli@6.3.12 want: ^0.7.1
291 silly placeDep node_modules/expo-cli terminal-link@2.1.1 OK for: expo-cli@6.3.12 want: ^2.1.1
292 silly placeDep node_modules/expo-cli turndown@7.0.0 OK for: expo-cli@6.3.12 want: ~7.0.0
293 silly placeDep node_modules/expo-cli untildify@3.0.3 OK for: expo-cli@6.3.12 want: 3.0.3
294 silly placeDep node_modules/expo-cli url-join@4.0.0 OK for: expo-cli@6.3.12 want: 4.0.0
295 silly placeDep node_modules/expo-cli uuid@8.3.2 OK for: expo-cli@6.3.12 want: ^8.0.0
296 silly placeDep node_modules/expo-cli wrap-ansi@7.0.0 OK for: expo-cli@6.3.12 want: ^7.0.0
297 silly placeDep node_modules/expo-cli xdl@60.0.12 OK for: expo-cli@6.3.12 want: 60.0.12
298 silly fetch manifest regenerator-runtime@^0.13.4
299 silly packumentCache full:https://registry.npmjs.org/regenerator-runtime cache-miss
300 http fetch GET 200 https://registry.npmjs.org/regenerator-runtime 23ms (cache updated)
301 silly packumentCache full:https://registry.npmjs.org/regenerator-runtime set size:undefined disposed:false
302 silly fetch manifest mv@~2
303 silly packumentCache full:https://registry.npmjs.org/mv cache-miss
304 http fetch GET 200 https://registry.npmjs.org/mv 16ms (cache updated)
305 silly packumentCache full:https://registry.npmjs.org/mv set size:undefined disposed:false
306 silly fetch manifest safe-json-stringify@~1
307 silly packumentCache full:https://registry.npmjs.org/safe-json-stringify cache-miss
308 http fetch GET 200 https://registry.npmjs.org/safe-json-stringify 42ms (cache updated)
309 silly packumentCache full:https://registry.npmjs.org/safe-json-stringify set size:undefined disposed:false
310 silly fetch manifest sucrase@^3.20.0
311 silly packumentCache full:https://registry.npmjs.org/sucrase cache-miss
312 http fetch GET 200 https://registry.npmjs.org/sucrase 24ms (cache updated)
313 silly packumentCache full:https://registry.npmjs.org/sucrase set size:undefined disposed:false
314 silly fetch manifest @expo/json-file@8.2.36
315 silly packumentCache full:https://registry.npmjs.org/@expo%2fjson-file cache-miss
316 http fetch GET 200 https://registry.npmjs.org/@expo%2fjson-file 6ms (cache hit)
317 silly packumentCache full:https://registry.npmjs.org/@expo%2fjson-file set size:432724 disposed:false
318 silly fetch manifest @babel/code-frame@~7.10.4
319 silly packumentCache full:https://registry.npmjs.org/@babel%2fcode-frame cache-miss
320 http fetch GET 200 https://registry.npmjs.org/@babel%2fcode-frame 29ms (cache updated)
321 silly packumentCache full:https://registry.npmjs.org/@babel%2fcode-frame set size:undefined disposed:false
322 silly fetch manifest @expo/config-types@^45.0.0
323 silly packumentCache full:https://registry.npmjs.org/@expo%2fconfig-types cache-miss
324 http fetch GET 200 https://registry.npmjs.org/@expo%2fconfig-types 43ms (cache updated)
325 silly packumentCache full:https://registry.npmjs.org/@expo%2fconfig-types set size:undefined disposed:false
326 silly fetch manifest require-from-string@^2.0.2
327 silly packumentCache full:https://registry.npmjs.org/require-from-string cache-miss
328 http fetch GET 200 https://registry.npmjs.org/require-from-string 22ms (cache updated)
329 silly packumentCache full:https://registry.npmjs.org/require-from-string set size:undefined disposed:false
330 silly fetch manifest chalk@^4.1.2
331 silly packumentCache full:https://registry.npmjs.org/chalk cache-miss
332 http fetch GET 200 https://registry.npmjs.org/chalk 2ms (cache hit)
333 silly packumentCache full:https://registry.npmjs.org/chalk set size:122561 disposed:false
334 silly fetch manifest debug@^4.3.1
335 silly packumentCache full:https://registry.npmjs.org/debug cache-miss
336 http fetch GET 200 https://registry.npmjs.org/debug 23ms (cache updated)
337 silly packumentCache full:https://registry.npmjs.org/debug set size:undefined disposed:false
338 silly fetch manifest slash@^3.0.0
339 silly packumentCache full:https://registry.npmjs.org/slash cache-miss
340 http fetch GET 200 https://registry.npmjs.org/slash 18ms (cache updated)
341 silly packumentCache full:https://registry.npmjs.org/slash set size:undefined disposed:false
342 silly fetch manifest xcode@^3.0.1
343 silly packumentCache full:https://registry.npmjs.org/xcode cache-miss
344 http fetch GET 200 https://registry.npmjs.org/xcode 68ms (cache updated)
345 silly packumentCache full:https://registry.npmjs.org/xcode set size:undefined disposed:false
346 silly fetch manifest semver@^7.3.5
347 silly packumentCache full:https://registry.npmjs.org/semver cache-miss
348 http fetch GET 200 https://registry.npmjs.org/semver 21ms (cache hit)
349 silly packumentCache full:https://registry.npmjs.org/semver set size:221512 disposed:false
350 silly fetch manifest xml2js@0.4.23
351 silly packumentCache full:https://registry.npmjs.org/xml2js cache-miss
352 http fetch GET 200 https://registry.npmjs.org/xml2js 24ms (cache updated)
353 silly packumentCache full:https://registry.npmjs.org/xml2js set size:undefined disposed:false
354 silly fetch manifest find-up@~5.0.0
355 silly packumentCache full:https://registry.npmjs.org/find-up cache-miss
356 http fetch GET 200 https://registry.npmjs.org/find-up 3ms (cache hit)
357 silly packumentCache full:https://registry.npmjs.org/find-up set size:38503 disposed:false
358 silly fetch manifest @expo/plist@0.0.18
359 silly packumentCache full:https://registry.npmjs.org/@expo%2fplist cache-miss
360 http fetch GET 200 https://registry.npmjs.org/@expo%2fplist 2ms (cache hit)
361 silly packumentCache full:https://registry.npmjs.org/@expo%2fplist set size:253238 disposed:false
362 silly fetch manifest @expo/sdk-runtime-versions@^1.0.0
363 silly packumentCache full:https://registry.npmjs.org/@expo%2fsdk-runtime-versions cache-miss
364 http fetch GET 200 https://registry.npmjs.org/@expo%2fsdk-runtime-versions 205ms (cache updated)
365 silly packumentCache full:https://registry.npmjs.org/@expo%2fsdk-runtime-versions set size:undefined disposed:false
366 silly fetch manifest @react-native/normalize-color@^2.0.0
367 silly packumentCache full:https://registry.npmjs.org/@react-native%2fnormalize-color cache-miss
368 http fetch GET 200 https://registry.npmjs.org/@react-native%2fnormalize-color 31ms (cache updated)
369 silly packumentCache full:https://registry.npmjs.org/@react-native%2fnormalize-color set size:undefined disposed:false
370 silly fetch manifest open@^8.3.0
371 silly packumentCache full:https://registry.npmjs.org/open cache-miss
372 http fetch GET 200 https://registry.npmjs.org/open 19ms (cache updated)
373 silly packumentCache full:https://registry.npmjs.org/open set size:undefined disposed:false
374 silly fetch manifest is-wsl@^2.1.1
375 silly packumentCache full:https://registry.npmjs.org/is-wsl cache-miss
376 http fetch GET 200 https://registry.npmjs.org/is-wsl 21ms (cache updated)
377 silly packumentCache full:https://registry.npmjs.org/is-wsl set size:undefined disposed:false
378 silly fetch manifest connect@^3.7.0
379 silly packumentCache full:https://registry.npmjs.org/connect cache-miss
380 http fetch GET 200 https://registry.npmjs.org/connect 24ms (cache updated)
381 silly packumentCache full:https://registry.npmjs.org/connect set size:undefined disposed:false
382 silly fetch manifest temp-dir@^2.0.0
383 silly packumentCache full:https://registry.npmjs.org/temp-dir cache-miss
384 http fetch GET 200 https://registry.npmjs.org/temp-dir 16ms (cache updated)
385 silly packumentCache full:https://registry.npmjs.org/temp-dir set size:undefined disposed:false
386 silly fetch manifest is-docker@^2.0.0
387 silly packumentCache full:https://registry.npmjs.org/is-docker cache-miss
388 http fetch GET 200 https://registry.npmjs.org/is-docker 24ms (cache updated)
389 silly packumentCache full:https://registry.npmjs.org/is-docker set size:undefined disposed:false
390 silly fetch manifest node-fetch@^2.6.0
391 silly packumentCache full:https://registry.npmjs.org/node-fetch cache-miss
392 http fetch GET 200 https://registry.npmjs.org/node-fetch 29ms (cache updated)
393 silly packumentCache full:https://registry.npmjs.org/node-fetch set size:undefined disposed:false
394 silly fetch manifest body-parser@^1.20.1
395 silly packumentCache full:https://registry.npmjs.org/body-parser cache-miss
396 http fetch GET 200 https://registry.npmjs.org/body-parser 22ms (cache updated)
397 silly packumentCache full:https://registry.npmjs.org/body-parser set size:undefined disposed:false
398 silly fetch manifest serialize-error@6.0.0
399 silly packumentCache full:https://registry.npmjs.org/serialize-error cache-miss
400 http fetch GET 200 https://registry.npmjs.org/serialize-error 22ms (cache updated)
401 silly packumentCache full:https://registry.npmjs.org/serialize-error set size:undefined disposed:false
402 silly fetch manifest @expo/spawn-async@^1.5.0
403 silly packumentCache full:https://registry.npmjs.org/@expo%2fspawn-async cache-miss
404 http fetch GET 200 https://registry.npmjs.org/@expo%2fspawn-async 2ms (cache hit)
405 silly packumentCache full:https://registry.npmjs.org/@expo%2fspawn-async set size:41150 disposed:false
406 silly fetch manifest @expo/metro-config@~0.6.0
407 silly packumentCache full:https://registry.npmjs.org/@expo%2fmetro-config cache-miss
408 http fetch GET 200 https://registry.npmjs.org/@expo%2fmetro-config 68ms (cache updated)
409 silly packumentCache full:https://registry.npmjs.org/@expo%2fmetro-config set size:undefined disposed:false
410 silly fetch manifest json5@^2.2.2
411 silly packumentCache full:https://registry.npmjs.org/json5 cache-miss
412 http fetch GET 200 https://registry.npmjs.org/json5 22ms (cache updated)
413 silly packumentCache full:https://registry.npmjs.org/json5 set size:undefined disposed:false
414 silly fetch manifest write-file-atomic@^2.3.0
415 silly packumentCache full:https://registry.npmjs.org/write-file-atomic cache-miss
416 http fetch GET 200 https://registry.npmjs.org/write-file-atomic 30ms (cache updated)
417 silly packumentCache full:https://registry.npmjs.org/write-file-atomic set size:undefined disposed:false
418 silly fetch manifest exec-async@^2.2.0
419 silly packumentCache full:https://registry.npmjs.org/exec-async cache-miss
420 http fetch GET 200 https://registry.npmjs.org/exec-async 126ms (cache updated)
421 silly packumentCache full:https://registry.npmjs.org/exec-async set size:undefined disposed:false
422 silly fetch manifest split@^1.0.1
423 silly packumentCache full:https://registry.npmjs.org/split cache-miss
424 http fetch GET 200 https://registry.npmjs.org/split 23ms (cache updated)
425 silly packumentCache full:https://registry.npmjs.org/split set size:undefined disposed:false
426 silly fetch manifest rimraf@^3.0.2
427 silly packumentCache full:https://registry.npmjs.org/rimraf cache-miss
428 http fetch GET 200 https://registry.npmjs.org/rimraf 19ms (cache updated)
429 silly packumentCache full:https://registry.npmjs.org/rimraf set size:undefined disposed:false
430 silly fetch manifest ansi-regex@^5.0.0
431 silly packumentCache full:https://registry.npmjs.org/ansi-regex cache-miss
432 http fetch GET 200 https://registry.npmjs.org/ansi-regex 20ms (cache updated)
433 silly packumentCache full:https://registry.npmjs.org/ansi-regex set size:undefined disposed:false
434 silly fetch manifest sudo-prompt@9.1.1
435 silly packumentCache full:https://registry.npmjs.org/sudo-prompt cache-miss
436 http fetch GET 200 https://registry.npmjs.org/sudo-prompt 29ms (cache updated)
437 silly packumentCache full:https://registry.npmjs.org/sudo-prompt set size:undefined disposed:false
438 silly fetch manifest npm-package-arg@^7.0.0
439 silly packumentCache full:https://registry.npmjs.org/npm-package-arg cache-miss
440 http fetch GET 200 https://registry.npmjs.org/npm-package-arg 2ms (cache hit)
441 silly packumentCache full:https://registry.npmjs.org/npm-package-arg set size:123454 disposed:false
442 silly fetch manifest base64-js@^1.2.3
443 silly packumentCache full:https://registry.npmjs.org/base64-js cache-miss
444 http fetch GET 200 https://registry.npmjs.org/base64-js 21ms (cache updated)
445 silly packumentCache full:https://registry.npmjs.org/base64-js set size:undefined disposed:false
446 silly fetch manifest xmlbuilder@^14.0.0
447 silly packumentCache full:https://registry.npmjs.org/xmlbuilder cache-miss
448 http fetch GET 200 https://registry.npmjs.org/xmlbuilder 20ms (cache updated)
449 silly packumentCache full:https://registry.npmjs.org/xmlbuilder set size:undefined disposed:false
450 silly fetch manifest @xmldom/xmldom@~0.7.7
451 silly packumentCache full:https://registry.npmjs.org/@xmldom%2fxmldom cache-miss
452 http fetch GET 200 https://registry.npmjs.org/@xmldom%2fxmldom 35ms (cache updated)
453 silly packumentCache full:https://registry.npmjs.org/@xmldom%2fxmldom set size:undefined disposed:false
454 silly fetch manifest fs-extra@^9.0.0
455 silly packumentCache full:https://registry.npmjs.org/fs-extra cache-miss
456 http fetch GET 200 https://registry.npmjs.org/fs-extra 3ms (cache hit)
457 silly packumentCache full:https://registry.npmjs.org/fs-extra set size:223131 disposed:false
458 silly fetch manifest @expo/image-utils@0.3.21
459 silly packumentCache full:https://registry.npmjs.org/@expo%2fimage-utils cache-miss
460 http fetch GET 200 https://registry.npmjs.org/@expo%2fimage-utils 99ms (cache updated)
461 silly packumentCache full:https://registry.npmjs.org/@expo%2fimage-utils set size:undefined disposed:false
462 silly fetch manifest expo-modules-autolinking@0.8.1
463 silly packumentCache full:https://registry.npmjs.org/expo-modules-autolinking cache-miss
464 http fetch GET 200 https://registry.npmjs.org/expo-modules-autolinking 54ms (cache updated)
465 silly packumentCache full:https://registry.npmjs.org/expo-modules-autolinking set size:undefined disposed:false
466 silly fetch manifest cross-spawn@^6.0.5
467 silly packumentCache full:https://registry.npmjs.org/cross-spawn cache-miss
468 http fetch GET 200 https://registry.npmjs.org/cross-spawn 20ms (cache updated)
469 silly packumentCache full:https://registry.npmjs.org/cross-spawn set size:undefined disposed:false
470 silly fetch manifest @babel/code-frame@7.10.4
471 silly packumentCache full:https://registry.npmjs.org/@babel%2fcode-frame cache-miss
472 http fetch GET 200 https://registry.npmjs.org/@babel%2fcode-frame 2ms (cache hit)
473 silly packumentCache full:https://registry.npmjs.org/@babel%2fcode-frame set size:172733 disposed:false
474 silly fetch manifest chalk@^4.1.0
475 silly packumentCache full:https://registry.npmjs.org/chalk cache-hit
476 silly fetch manifest js-yaml@^4.1.0
477 silly packumentCache full:https://registry.npmjs.org/js-yaml cache-miss
478 http fetch GET 200 https://registry.npmjs.org/js-yaml 2ms (cache hit)
479 silly packumentCache full:https://registry.npmjs.org/js-yaml set size:145975 disposed:false
480 silly fetch manifest open@^8.0.4
481 silly packumentCache full:https://registry.npmjs.org/open cache-miss
482 http fetch GET 200 https://registry.npmjs.org/open 3ms (cache hit)
483 silly packumentCache full:https://registry.npmjs.org/open set size:127430 disposed:false
484 silly fetch manifest camelcase@^6.2.0
485 silly packumentCache full:https://registry.npmjs.org/camelcase cache-miss
486 http fetch GET 200 https://registry.npmjs.org/camelcase 26ms (cache updated)
487 silly packumentCache full:https://registry.npmjs.org/camelcase set size:undefined disposed:false
488 silly fetch manifest cli-boxes@^2.2.1
489 silly packumentCache full:https://registry.npmjs.org/cli-boxes cache-miss
490 http fetch GET 200 https://registry.npmjs.org/cli-boxes 20ms (cache updated)
491 silly packumentCache full:https://registry.npmjs.org/cli-boxes set size:undefined disposed:false
492 silly fetch manifest type-fest@^0.20.2
493 silly packumentCache full:https://registry.npmjs.org/type-fest cache-miss
494 http fetch GET 200 https://registry.npmjs.org/type-fest 23ms (cache updated)
495 silly packumentCache full:https://registry.npmjs.org/type-fest set size:undefined disposed:false
496 silly fetch manifest ansi-align@^3.0.0
497 silly packumentCache full:https://registry.npmjs.org/ansi-align cache-miss
498 http fetch GET 200 https://registry.npmjs.org/ansi-align 18ms (cache updated)
499 silly packumentCache full:https://registry.npmjs.org/ansi-align set size:undefined disposed:false
500 silly fetch manifest widest-line@^3.1.0
501 silly packumentCache full:https://registry.npmjs.org/widest-line cache-miss
502 http fetch GET 200 https://registry.npmjs.org/widest-line 24ms (cache updated)
503 silly packumentCache full:https://registry.npmjs.org/widest-line set size:undefined disposed:false
504 silly fetch manifest string-width@^4.2.2
505 silly packumentCache full:https://registry.npmjs.org/string-width cache-miss
506 http fetch GET 200 https://registry.npmjs.org/string-width 21ms (cache updated)
507 silly packumentCache full:https://registry.npmjs.org/string-width set size:undefined disposed:false
508 silly fetch manifest big-integer@^1.6.44
509 silly packumentCache full:https://registry.npmjs.org/big-integer cache-miss
510 http fetch GET 200 https://registry.npmjs.org/big-integer 22ms (cache updated)
511 silly packumentCache full:https://registry.npmjs.org/big-integer set size:undefined disposed:false
512 silly fetch manifest tar@^6.0.2
513 silly packumentCache full:https://registry.npmjs.org/tar cache-miss
514 http fetch GET 200 https://registry.npmjs.org/tar 3ms (cache hit)
515 silly packumentCache full:https://registry.npmjs.org/tar set size:398957 disposed:false
516 silly fetch manifest glob@^7.1.4
517 silly packumentCache full:https://registry.npmjs.org/glob cache-miss
518 http fetch GET 200 https://registry.npmjs.org/glob 3ms (cache hit)
519 silly packumentCache full:https://registry.npmjs.org/glob set size:402595 disposed:false
520 silly fetch manifest ssri@^8.0.1
521 silly packumentCache full:https://registry.npmjs.org/ssri cache-miss
522 http fetch GET 200 https://registry.npmjs.org/ssri 27ms (cache updated)
523 silly packumentCache full:https://registry.npmjs.org/ssri set size:undefined disposed:false
524 silly fetch manifest p-map@^4.0.0
525 silly packumentCache full:https://registry.npmjs.org/p-map cache-miss
526 http fetch GET 200 https://registry.npmjs.org/p-map 21ms (cache updated)
527 silly packumentCache full:https://registry.npmjs.org/p-map set size:undefined disposed:false
528 silly fetch manifest chownr@^2.0.0
529 silly packumentCache full:https://registry.npmjs.org/chownr cache-miss
530 http fetch GET 200 https://registry.npmjs.org/chownr 18ms (cache updated)
531 silly packumentCache full:https://registry.npmjs.org/chownr set size:undefined disposed:false
532 silly fetch manifest mkdirp@^1.0.3
533 silly packumentCache full:https://registry.npmjs.org/mkdirp cache-miss
534 http fetch GET 200 https://registry.npmjs.org/mkdirp 23ms (cache updated)
535 silly packumentCache full:https://registry.npmjs.org/mkdirp set size:undefined disposed:false
536 silly fetch manifest minipass@^3.1.1
537 silly packumentCache full:https://registry.npmjs.org/minipass cache-miss
538 http fetch GET 200 https://registry.npmjs.org/minipass 3ms (cache hit)
539 silly packumentCache full:https://registry.npmjs.org/minipass set size:490195 disposed:false
540 silly fetch manifest lru-cache@^6.0.0
541 silly packumentCache full:https://registry.npmjs.org/lru-cache cache-miss
542 http fetch GET 200 https://registry.npmjs.org/lru-cache 22ms (cache updated)
543 silly packumentCache full:https://registry.npmjs.org/lru-cache set size:undefined disposed:false
544 silly fetch manifest @npmcli/fs@^1.0.0
545 silly packumentCache full:https://registry.npmjs.org/@npmcli%2ffs cache-miss
546 http fetch GET 200 https://registry.npmjs.org/@npmcli%2ffs 32ms (cache updated)
547 silly packumentCache full:https://registry.npmjs.org/@npmcli%2ffs set size:undefined disposed:false
548 silly fetch manifest fs-minipass@^2.0.0
549 silly packumentCache full:https://registry.npmjs.org/fs-minipass cache-miss
550 http fetch GET 200 https://registry.npmjs.org/fs-minipass 17ms (cache updated)
551 silly packumentCache full:https://registry.npmjs.org/fs-minipass set size:undefined disposed:false
552 silly fetch manifest infer-owner@^1.0.4
553 silly packumentCache full:https://registry.npmjs.org/infer-owner cache-miss
554 http fetch GET 200 https://registry.npmjs.org/infer-owner 18ms (cache updated)
555 silly packumentCache full:https://registry.npmjs.org/infer-owner set size:undefined disposed:false
556 silly fetch manifest minipass-flush@^1.0.5
557 silly packumentCache full:https://registry.npmjs.org/minipass-flush cache-miss
558 http fetch GET 200 https://registry.npmjs.org/minipass-flush 35ms (cache updated)
559 silly packumentCache full:https://registry.npmjs.org/minipass-flush set size:undefined disposed:false
560 silly fetch manifest unique-filename@^1.1.1
561 silly packumentCache full:https://registry.npmjs.org/unique-filename cache-miss
562 http fetch GET 200 https://registry.npmjs.org/unique-filename 16ms (cache updated)
563 silly packumentCache full:https://registry.npmjs.org/unique-filename set size:undefined disposed:false
564 silly fetch manifest minipass-collect@^1.0.2
565 silly packumentCache full:https://registry.npmjs.org/minipass-collect cache-miss
566 http fetch GET 200 https://registry.npmjs.org/minipass-collect 18ms (cache updated)
567 silly packumentCache full:https://registry.npmjs.org/minipass-collect set size:undefined disposed:false
568 silly fetch manifest promise-inflight@^1.0.1
569 silly packumentCache full:https://registry.npmjs.org/promise-inflight cache-miss
570 http fetch GET 200 https://registry.npmjs.org/promise-inflight 17ms (cache updated)
571 silly packumentCache full:https://registry.npmjs.org/promise-inflight set size:undefined disposed:false
572 silly fetch manifest @npmcli/move-file@^1.0.1
573 silly packumentCache full:https://registry.npmjs.org/@npmcli%2fmove-file cache-miss
574 http fetch GET 200 https://registry.npmjs.org/@npmcli%2fmove-file 33ms (cache updated)
575 silly packumentCache full:https://registry.npmjs.org/@npmcli%2fmove-file set size:undefined disposed:false
576 silly fetch manifest minipass-pipeline@^1.2.2
577 silly packumentCache full:https://registry.npmjs.org/minipass-pipeline cache-miss
578 http fetch GET 200 https://registry.npmjs.org/minipass-pipeline 20ms (cache updated)
579 silly packumentCache full:https://registry.npmjs.org/minipass-pipeline set size:undefined disposed:false
580 silly fetch manifest ansi-styles@^4.1.0
581 silly packumentCache full:https://registry.npmjs.org/ansi-styles cache-miss
582 http fetch GET 200 https://registry.npmjs.org/ansi-styles 22ms (cache updated)
583 silly packumentCache full:https://registry.npmjs.org/ansi-styles set size:undefined disposed:false
584 silly fetch manifest supports-color@^7.1.0
585 silly packumentCache full:https://registry.npmjs.org/supports-color cache-miss
586 http fetch GET 200 https://registry.npmjs.org/supports-color 24ms (cache updated)
587 silly packumentCache full:https://registry.npmjs.org/supports-color set size:undefined disposed:false
588 silly fetch manifest string-width@^4.2.0
589 silly packumentCache full:https://registry.npmjs.org/string-width cache-miss
590 http fetch GET 200 https://registry.npmjs.org/string-width 3ms (cache hit)
591 silly packumentCache full:https://registry.npmjs.org/string-width set size:61460 disposed:false
592 silly fetch manifest @colors/colors@1.5.0
593 silly packumentCache full:https://registry.npmjs.org/@colors%2fcolors cache-miss
594 http fetch GET 200 https://registry.npmjs.org/@colors%2fcolors 29ms (cache updated)
595 silly packumentCache full:https://registry.npmjs.org/@colors%2fcolors set size:undefined disposed:false
596 silly fetch manifest locate-path@^6.0.0
597 silly packumentCache full:https://registry.npmjs.org/locate-path cache-miss
598 http fetch GET 200 https://registry.npmjs.org/locate-path 20ms (cache updated)
599 silly packumentCache full:https://registry.npmjs.org/locate-path set size:undefined disposed:false
600 silly fetch manifest path-exists@^4.0.0
601 silly packumentCache full:https://registry.npmjs.org/path-exists cache-miss
602 http fetch GET 200 https://registry.npmjs.org/path-exists 18ms (cache updated)
603 silly packumentCache full:https://registry.npmjs.org/path-exists set size:undefined disposed:false
604 silly fetch manifest micromatch@^4.0.2
605 silly packumentCache full:https://registry.npmjs.org/micromatch cache-miss
606 http fetch GET 200 https://registry.npmjs.org/micromatch 20ms (cache updated)
607 silly packumentCache full:https://registry.npmjs.org/micromatch set size:undefined disposed:false
608 silly fetch manifest jsonfile@^6.0.1
609 silly packumentCache full:https://registry.npmjs.org/jsonfile cache-miss
610 http fetch GET 200 https://registry.npmjs.org/jsonfile 17ms (cache updated)
611 silly packumentCache full:https://registry.npmjs.org/jsonfile set size:undefined disposed:false
612 silly fetch manifest graceful-fs@^4.2.0
613 silly packumentCache full:https://registry.npmjs.org/graceful-fs cache-miss
614 http fetch GET 200 https://registry.npmjs.org/graceful-fs 22ms (cache updated)
615 silly packumentCache full:https://registry.npmjs.org/graceful-fs set size:undefined disposed:false
616 silly fetch manifest universalify@^1.0.0
617 silly packumentCache full:https://registry.npmjs.org/universalify cache-miss
618 http fetch GET 200 https://registry.npmjs.org/universalify 17ms (cache updated)
619 silly packumentCache full:https://registry.npmjs.org/universalify set size:undefined disposed:false
620 silly fetch manifest at-least-node@^1.0.0
621 silly packumentCache full:https://registry.npmjs.org/at-least-node cache-miss
622 http fetch GET 200 https://registry.npmjs.org/at-least-node 19ms (cache updated)
623 silly packumentCache full:https://registry.npmjs.org/at-least-node set size:undefined disposed:false
624 silly fetch manifest once@^1.3.0
625 silly packumentCache full:https://registry.npmjs.org/once cache-miss
626 http fetch GET 200 https://registry.npmjs.org/once 18ms (cache updated)
627 silly packumentCache full:https://registry.npmjs.org/once set size:undefined disposed:false
628 silly fetch manifest inflight@^1.0.4
629 silly packumentCache full:https://registry.npmjs.org/inflight cache-miss
630 http fetch GET 200 https://registry.npmjs.org/inflight 19ms (cache updated)
631 silly packumentCache full:https://registry.npmjs.org/inflight set size:undefined disposed:false
632 silly fetch manifest inherits@2
633 silly packumentCache full:https://registry.npmjs.org/inherits cache-miss
634 http fetch GET 200 https://registry.npmjs.org/inherits 25ms (cache updated)
635 silly packumentCache full:https://registry.npmjs.org/inherits set size:undefined disposed:false
636 silly fetch manifest minimatch@^3.0.4
637 silly packumentCache full:https://registry.npmjs.org/minimatch cache-miss
638 http fetch GET 200 https://registry.npmjs.org/minimatch 34ms (cache updated)
639 silly packumentCache full:https://registry.npmjs.org/minimatch set size:undefined disposed:false
640 silly fetch manifest fs.realpath@^1.0.0
641 silly packumentCache full:https://registry.npmjs.org/fs.realpath cache-miss
642 http fetch GET 200 https://registry.npmjs.org/fs.realpath 19ms (cache updated)
643 silly packumentCache full:https://registry.npmjs.org/fs.realpath set size:undefined disposed:false
644 silly fetch manifest path-is-absolute@^1.0.0
645 silly packumentCache full:https://registry.npmjs.org/path-is-absolute cache-miss
646 http fetch GET 200 https://registry.npmjs.org/path-is-absolute 17ms (cache updated)
647 silly packumentCache full:https://registry.npmjs.org/path-is-absolute set size:undefined disposed:false
648 silly fetch manifest p-cancelable@^2.0.0
649 silly packumentCache full:https://registry.npmjs.org/p-cancelable cache-miss
650 http fetch GET 200 https://registry.npmjs.org/p-cancelable 23ms (cache updated)
651 silly packumentCache full:https://registry.npmjs.org/p-cancelable set size:undefined disposed:false
652 silly fetch manifest responselike@^2.0.0
653 silly packumentCache full:https://registry.npmjs.org/responselike cache-miss
654 http fetch GET 200 https://registry.npmjs.org/responselike 20ms (cache updated)
655 silly packumentCache full:https://registry.npmjs.org/responselike set size:undefined disposed:false
656 silly fetch manifest http2-wrapper@^1.0.0-beta.5.2
657 silly packumentCache full:https://registry.npmjs.org/http2-wrapper cache-miss
658 http fetch GET 200 https://registry.npmjs.org/http2-wrapper 20ms (cache updated)
659 silly packumentCache full:https://registry.npmjs.org/http2-wrapper set size:undefined disposed:false
660 silly fetch manifest lowercase-keys@^2.0.0
661 silly packumentCache full:https://registry.npmjs.org/lowercase-keys cache-miss
662 http fetch GET 200 https://registry.npmjs.org/lowercase-keys 23ms (cache updated)
663 silly packumentCache full:https://registry.npmjs.org/lowercase-keys set size:undefined disposed:false
664 silly fetch manifest @sindresorhus/is@^4.0.0
665 silly packumentCache full:https://registry.npmjs.org/@sindresorhus%2fis cache-miss
666 http fetch GET 200 https://registry.npmjs.org/@sindresorhus%2fis 36ms (cache updated)
667 silly packumentCache full:https://registry.npmjs.org/@sindresorhus%2fis set size:undefined disposed:false
668 silly fetch manifest cacheable-lookup@^5.0.3
669 silly packumentCache full:https://registry.npmjs.org/cacheable-lookup cache-miss
670 http fetch GET 200 https://registry.npmjs.org/cacheable-lookup 21ms (cache updated)
671 silly packumentCache full:https://registry.npmjs.org/cacheable-lookup set size:undefined disposed:false
672 silly fetch manifest cacheable-request@^7.0.2
673 silly packumentCache full:https://registry.npmjs.org/cacheable-request cache-miss
674 http fetch GET 200 https://registry.npmjs.org/cacheable-request 19ms (cache updated)
675 silly packumentCache full:https://registry.npmjs.org/cacheable-request set size:undefined disposed:false
676 silly fetch manifest @types/responselike@^1.0.0
677 silly packumentCache full:https://registry.npmjs.org/@types%2fresponselike cache-miss
678 http fetch GET 200 https://registry.npmjs.org/@types%2fresponselike 26ms (cache updated)
679 silly packumentCache full:https://registry.npmjs.org/@types%2fresponselike set size:undefined disposed:false
680 silly fetch manifest decompress-response@^6.0.0
681 silly packumentCache full:https://registry.npmjs.org/decompress-response cache-miss
682 http fetch GET 200 https://registry.npmjs.org/decompress-response 19ms (cache updated)
683 silly packumentCache full:https://registry.npmjs.org/decompress-response set size:undefined disposed:false
684 silly fetch manifest @szmarczak/http-timer@^4.0.5
685 silly packumentCache full:https://registry.npmjs.org/@szmarczak%2fhttp-timer cache-miss
